[debug] [2020-01-28T11:16:06.729Z] ----------------------------------------------------------------------
[debug] [2020-01-28T11:16:06.731Z] Command:       /usr/local/bin/node /usr/local/bin/firebase deploy
[debug] [2020-01-28T11:16:06.731Z] CLI Version:   7.12.1
[debug] [2020-01-28T11:16:06.731Z] Platform:      linux
[debug] [2020-01-28T11:16:06.731Z] Node Version:  v13.7.0
[debug] [2020-01-28T11:16:06.732Z] Time:          Tue Jan 28 2020 14:16:06 GMT+0300 (East Africa Time)
[debug] [2020-01-28T11:16:06.732Z] ----------------------------------------------------------------------
[debug] [2020-01-28T11:16:06.732Z] 
[debug] [2020-01-28T11:16:06.738Z] > command requires scopes: ["email","openid","https://www.googleapis.com/auth/cloudplatformprojects.readonly","https://www.googleapis.com/auth/firebase","https://www.googleapis.com/auth/cloud-platform"]
[debug] [2020-01-28T11:16:06.738Z] > authorizing via signed-in user
[debug] [2020-01-28T11:16:06.738Z] [iam] checking project campus-voting-systemcvs-c23ad for permissions ["cloudfunctions.functions.create","cloudfunctions.functions.delete","cloudfunctions.functions.get","cloudfunctions.functions.list","cloudfunctions.functions.update","cloudfunctions.operations.get","datastore.indexes.create","datastore.indexes.delete","datastore.indexes.list","datastore.indexes.update","firebase.projects.get","firebasedatabase.instances.update","firebasehosting.sites.update","firebaserules.releases.create","firebaserules.releases.update","firebaserules.rulesets.create"]
[debug] [2020-01-28T11:16:06.740Z] >>> HTTP REQUEST POST https://cloudresourcemanager.googleapis.com/v1/projects/campus-voting-systemcvs-c23ad:testIamPermissions  

[debug] [2020-01-28T11:16:08.508Z] <<< HTTP RESPONSE 200
[debug] [2020-01-28T11:16:08.513Z] >>> HTTP REQUEST GET https://firebase.googleapis.com/v1beta1/projects/campus-voting-systemcvs-c23ad  
 
[debug] [2020-01-28T11:16:09.044Z] <<< HTTP RESPONSE 200
[info] 
[info] === Deploying to 'campus-voting-systemcvs-c23ad'...
[info] 
[info] i  deploying database, storage, firestore, functions, hosting
[info] i  database: checking rules syntax...
[debug] [2020-01-28T11:16:25.320Z] >>> HTTP REQUEST PUT https://campus-voting-systemcvs-c23ad.firebaseio.com/.settings/rules.json?dryRun=true  
 {
  "rules": {
    ".read": true,
    ".write": true
  }
}

[debug] [2020-01-28T11:16:26.403Z] <<< HTTP RESPONSE 200
[info] ✔  database: rules syntax for database campus-voting-systemcvs-c23ad is valid
[debug] [2020-01-28T11:16:26.406Z] >>> HTTP REQUEST GET https://appengine.googleapis.com/v1/apps/campus-voting-systemcvs-c23ad  
 
[info] 

There was an issue deploying your functions. Verify that your project has a Google App Engine instance setup at https://console.cloud.google.com/appengine and try again. If this issue persists, please contact support.
[debug] [2020-01-28T11:16:36.956Z] Error: getaddrinfo ENOTFOUND appengine.googleapis.com
    at GetAddrInfoReqWrap.onlookup [as oncomplete] (dns.js:64:26)
[error] 
[error] Error: Server Error. getaddrinfo ENOTFOUND appengine.googleapis.com
